NCUWLogin/app/build/outputs/apk/manifest-merger-debug-report.txt
-- Merging decision tree log ---
manifest
ADDED from AndroidManifest.xml:2:1
	package
		ADDED from AndroidManifest.xml:2:11
		INJECTED from AndroidManifest.xml:0:0
		INJECTED from AndroidManifest.xml:0:0
	android:versionName
		ADDED from AndroidManifest.xml:5:11
	android:versionCode
		ADDED from AndroidManifest.xml:4:11
		INJECTED from AndroidManifest.xml:0:0
		INJECTED from AndroidManifest.xml:0:0
	xmlns:android
		ADDED from AndroidManifest.xml:3:11
uses-permission#android.permission.INTERNET
ADDED from AndroidManifest.xml:7:2
	android:name
		ADDED from AndroidManifest.xml:7:19
uses-permission#android.permission.ACCESS_NETWORK_STATE
ADDED from AndroidManifest.xml:8:2
	android:name
		ADDED from AndroidManifest.xml:8:19
uses-permission#android.permission.ACCESS_WIFI_STATE
ADDED from AndroidManifest.xml:9:2
	android:name
		ADDED from AndroidManifest.xml:9:19
application
ADDED from AndroidManifest.xml:11:2
MERGED from com.android.support:appcompat-v7:22.2.0:22:5
MERGED from com.android.support:support-v4:22.2.0:22:5
MERGED from com.android.support:design:22.2.0:22:5
MERGED from com.android.support:appcompat-v7:22.2.0:22:5
MERGED from com.android.support:support-v4:22.2.0:22:5
MERGED from com.android.support:support-v4:22.2.0:22:5
MERGED from com.android.support:support-v4:22.2.0:22:5
	android:label
		ADDED from AndroidManifest.xml:14:3
	android:allowBackup
		ADDED from AndroidManifest.xml:12:3
	android:icon
		ADDED from AndroidManifest.xml:13:3
	android:theme
		ADDED from AndroidManifest.xml:15:3
activity#com.devandroid.ncuwlogin.MainActivity
ADDED from AndroidManifest.xml:17:3
	android:label
		ADDED from AndroidManifest.xml:19:4
	android:windowSoftInputMode
		ADDED from AndroidManifest.xml:21:4
	android:theme
		ADDED from AndroidManifest.xml:20:4
	android:name
		ADDED from AndroidManifest.xml:18:4
intent-filter#android.intent.action.MAIN+android.intent.category.LAUNCHER
ADDED from AndroidManifest.xml:22:4
action#android.intent.action.MAIN
ADDED from AndroidManifest.xml:23:5
	android:name
		ADDED from AndroidManifest.xml:23:13
category#android.intent.category.LAUNCHER
ADDED from AndroidManifest.xml:25:5
	android:name
		ADDED from AndroidManifest.xml:25:15
activity#com.devandroid.ncuwlogin.AboutActivity
ADDED from AndroidManifest.xml:29:3
	android:label
		ADDED from AndroidManifest.xml:31:4
	android:name
		ADDED from AndroidManifest.xml:30:4
receiver#com.devandroid.ncuwlogin.WifiReceiver
ADDED from AndroidManifest.xml:34:3
	android:name
		ADDED from AndroidManifest.xml:34:13
intent-filter#android.net.conn.CONNECTIVITY_CHANGE+android.net.wifi.STATE_CHANGE+android.net.wifi.WIFI_STATE_CHANGED
ADDED from AndroidManifest.xml:35:4
action#android.net.conn.CONNECTIVITY_CHANGE
ADDED from AndroidManifest.xml:36:5
	android:name
		ADDED from AndroidManifest.xml:36:13
action#android.net.wifi.WIFI_STATE_CHANGED
ADDED from AndroidManifest.xml:37:5
	android:name
		ADDED from AndroidManifest.xml:37:13
action#android.net.wifi.STATE_CHANGE
ADDED from AndroidManifest.xml:38:5
	android:name
		ADDED from AndroidManifest.xml:38:13
uses-sdk
INJECTED from AndroidManifest.xml:0:0 reason: use-sdk injection requested
MERGED from com.android.support:appcompat-v7:22.2.0:20:5
MERGED from com.android.support:support-v4:22.2.0:20:5
MERGED from com.android.support:design:22.2.0:20:5
MERGED from com.android.support:appcompat-v7:22.2.0:20:5
MERGED from com.android.support:support-v4:22.2.0:20:5
MERGED from com.android.support:support-v4:22.2.0:20:5
MERGED from com.android.support:support-v4:22.2.0:20:5
	android:targetSdkVersion
		INJECTED from AndroidManifest.xml:0:0
		INJECTED from AndroidManifest.xml:0:0
	android:minSdkVersion
		INJECTED from AndroidManifest.xml:0:0
		INJECTED from AndroidManifest.xml:0:0